<?xml version="1.0" encoding="UTF-8"?>
<!-- Generated by org.testng.reporters.JUnitReportReporter -->
<testsuite skipped="0" hostname="LAPTOP-BKF6FKVM" name="testRunnerPackage.NewTest" tests="1" failures="0" timestamp="2021-02-10T22:17:34 EST" time="0.007" errors="0">
  <testcase name="f" time="0.007" classname="testRunnerPackage.NewTest"/>
  <system-out/>
</testsuite> <!-- testRunnerPackage.NewTest -->
