<?xml version="1.0" encoding="UTF-8"?>
<!-- Generated by org.testng.reporters.JUnitReportReporter -->
<testsuite skipped="0" hostname="LAPTOP-BKF6FKVM" name="testRunnerPackage.JustEatTestRunner" tests="3" failures="0" timestamp="2021-02-11T21:44:25 EST" time="105.841" errors="0">
  <testcase name="runScenario" time="22.942" classname="testRunnerPackage.JustEatTestRunner"/>
  <system-out/>
  <testcase name="runScenario" time="34.679" classname="testRunnerPackage.JustEatTestRunner"/>
  <system-out/>
  <testcase name="runScenario" time="48.220" classname="testRunnerPackage.JustEatTestRunner"/>
  <system-out/>
</testsuite> <!-- testRunnerPackage.JustEatTestRunner -->
